Started by user [8mha:////4HqJYUiz0TfhoFnXbs5nzv1qufGk5yQ/5XmProGnyVjhAAAAlx+LCAAAAAAAAP9b85aBtbiIQTGjNKU4P08vOT+vOD8nVc83PyU1x6OyILUoJzMv2y+/JJUBAhiZGBgqihhk0NSjKDWzXb3RdlLBUSYGJk8GtpzUvPSSDB8G5tKinBIGIZ+sxLJE/ZzEvHT94JKizLx0a6BxUmjGOUNodHsLgAzeEgZu/dLi1CL9xJTczDwACG0V4sAAAAA=[0mJenkins Admin
Running as SYSTEM
Building in workspace /var/jenkins_home/workspace/spring-boot-web-app
No credentials specified
 > git rev-parse --is-inside-work-tree # timeout=10
Fetching changes from the remote Git repository
 > git config remote.origin.url https://github.com/dilipMaharjan/spring-boot-web-app.git # timeout=10
Fetching upstream changes from https://github.com/dilipMaharjan/spring-boot-web-app.git
 > git --version # timeout=10
 > git fetch --tags --progress -- https://github.com/dilipMaharjan/spring-boot-web-app.git +refs/heads/*:refs/remotes/origin/* # timeout=10
 > git rev-parse refs/remotes/origin/master^{commit} # timeout=10
 > git rev-parse refs/remotes/origin/origin/master^{commit} # timeout=10
Checking out Revision cded875e446315b99f081f2ea39bda598799e797 (refs/remotes/origin/master)
 > git config core.sparsecheckout # timeout=10
 > git checkout -f cded875e446315b99f081f2ea39bda598799e797 # timeout=10
Commit message: "to do crud"
 > git rev-list --no-walk cded875e446315b99f081f2ea39bda598799e797 # timeout=10
[spring-boot-web-app] $ /var/jenkins_home/tools/hudson.tasks.Maven_MavenInstallation/maven/bin/mvn -B -DskipTests clean package
[INFO] Scanning for projects...
[INFO] 
[INFO] -----------------< com.dmaharjan:spring-boot-web-app >------------------
[INFO] Building spring-boot-web-app 0.0.1-SNAPSHOT
[INFO] --------------------------------[ jar ]---------------------------------
[INFO] 
[8mha:////4MN4efd7rvfHGpWlMvLa4RQlXa/Oqz1EZgG6TOTn3SuDAAAAYB+LCAAAAAAAAP9b85aBtbiIQSmjNKU4P0+vJLE4u1gvPjexLDVPzxdEGvvmZ+X75ZekLlOVfvTjc8FPJgaGiiIGKaiG5Py84vycVD1nCA1SyAABjCCFBQCV27OjYAAAAA==[0m[INFO] --- maven-clean-plugin:3.1.0:clean (default-clean) @ spring-boot-web-app ---
[INFO] Deleting /var/jenkins_home/workspace/spring-boot-web-app/target
[INFO] 
[8mha:////4MN4efd7rvfHGpWlMvLa4RQlXa/Oqz1EZgG6TOTn3SuDAAAAYB+LCAAAAAAAAP9b85aBtbiIQSmjNKU4P0+vJLE4u1gvPjexLDVPzxdEGvvmZ+X75ZekLlOVfvTjc8FPJgaGiiIGKaiG5Py84vycVD1nCA1SyAABjCCFBQCV27OjYAAAAA==[0m[INFO] --- maven-resources-plugin:3.1.0:resources (default-resources) @ spring-boot-web-app ---
[INFO] Using 'UTF-8' encoding to copy filtered resources.
[INFO] Copying 1 resource
[INFO] Copying 0 resource
[INFO] 
[8mha:////4MN4efd7rvfHGpWlMvLa4RQlXa/Oqz1EZgG6TOTn3SuDAAAAYB+LCAAAAAAAAP9b85aBtbiIQSmjNKU4P0+vJLE4u1gvPjexLDVPzxdEGvvmZ+X75ZekLlOVfvTjc8FPJgaGiiIGKaiG5Py84vycVD1nCA1SyAABjCCFBQCV27OjYAAAAA==[0m[INFO] --- maven-compiler-plugin:3.8.1:compile (default-compile) @ spring-boot-web-app ---
[INFO] Changes detected - recompiling the module!
[INFO] Compiling 6 source files to /var/jenkins_home/workspace/spring-boot-web-app/target/classes
[INFO] 
[8mha:////4MN4efd7rvfHGpWlMvLa4RQlXa/Oqz1EZgG6TOTn3SuDAAAAYB+LCAAAAAAAAP9b85aBtbiIQSmjNKU4P0+vJLE4u1gvPjexLDVPzxdEGvvmZ+X75ZekLlOVfvTjc8FPJgaGiiIGKaiG5Py84vycVD1nCA1SyAABjCCFBQCV27OjYAAAAA==[0m[INFO] --- maven-resources-plugin:3.1.0:testResources (default-testResources) @ spring-boot-web-app ---
[INFO] Using 'UTF-8' encoding to copy filtered resources.
[INFO] skip non existing resourceDirectory /var/jenkins_home/workspace/spring-boot-web-app/src/test/resources
[INFO] 
[8mha:////4MN4efd7rvfHGpWlMvLa4RQlXa/Oqz1EZgG6TOTn3SuDAAAAYB+LCAAAAAAAAP9b85aBtbiIQSmjNKU4P0+vJLE4u1gvPjexLDVPzxdEGvvmZ+X75ZekLlOVfvTjc8FPJgaGiiIGKaiG5Py84vycVD1nCA1SyAABjCCFBQCV27OjYAAAAA==[0m[INFO] --- maven-compiler-plugin:3.8.1:testCompile (default-testCompile) @ spring-boot-web-app ---
[INFO] Changes detected - recompiling the module!
[INFO] Compiling 1 source file to /var/jenkins_home/workspace/spring-boot-web-app/target/test-classes
[INFO] 
[8mha:////4MN4efd7rvfHGpWlMvLa4RQlXa/Oqz1EZgG6TOTn3SuDAAAAYB+LCAAAAAAAAP9b85aBtbiIQSmjNKU4P0+vJLE4u1gvPjexLDVPzxdEGvvmZ+X75ZekLlOVfvTjc8FPJgaGiiIGKaiG5Py84vycVD1nCA1SyAABjCCFBQCV27OjYAAAAA==[0m[INFO] --- maven-surefire-plugin:2.22.2:test (default-test) @ spring-boot-web-app ---
[INFO] Tests are skipped.
[INFO] 
[8mha:////4MN4efd7rvfHGpWlMvLa4RQlXa/Oqz1EZgG6TOTn3SuDAAAAYB+LCAAAAAAAAP9b85aBtbiIQSmjNKU4P0+vJLE4u1gvPjexLDVPzxdEGvvmZ+X75ZekLlOVfvTjc8FPJgaGiiIGKaiG5Py84vycVD1nCA1SyAABjCCFBQCV27OjYAAAAA==[0m[INFO] --- maven-jar-plugin:3.1.2:jar (default-jar) @ spring-boot-web-app ---
[INFO] Building jar: /var/jenkins_home/workspace/spring-boot-web-app/target/spring-boot-web-app-0.0.1-SNAPSHOT.jar
[INFO] 
[8mha:////4MN4efd7rvfHGpWlMvLa4RQlXa/Oqz1EZgG6TOTn3SuDAAAAYB+LCAAAAAAAAP9b85aBtbiIQSmjNKU4P0+vJLE4u1gvPjexLDVPzxdEGvvmZ+X75ZekLlOVfvTjc8FPJgaGiiIGKaiG5Py84vycVD1nCA1SyAABjCCFBQCV27OjYAAAAA==[0m[INFO] --- spring-boot-maven-plugin:2.2.5.RELEASE:repackage (repackage) @ spring-boot-web-app ---
[INFO] Replacing main artifact with repackaged archive
[INFO] ------------------------------------------------------------------------
[INFO] BUILD SUCCESS
[INFO] ------------------------------------------------------------------------
[INFO] Total time:  5.293 s
[INFO] Finished at: 2020-04-03T23:34:27Z
[INFO] ------------------------------------------------------------------------
[spring-boot-web-app] $ /var/jenkins_home/tools/hudson.tasks.Maven_MavenInstallation/maven/bin/mvn test
[INFO] Scanning for projects...
[INFO] 
[INFO] -----------------< com.dmaharjan:spring-boot-web-app >------------------
[INFO] Building spring-boot-web-app 0.0.1-SNAPSHOT
[INFO] --------------------------------[ jar ]---------------------------------
[INFO] 
[8mha:////4MN4efd7rvfHGpWlMvLa4RQlXa/Oqz1EZgG6TOTn3SuDAAAAYB+LCAAAAAAAAP9b85aBtbiIQSmjNKU4P0+vJLE4u1gvPjexLDVPzxdEGvvmZ+X75ZekLlOVfvTjc8FPJgaGiiIGKaiG5Py84vycVD1nCA1SyAABjCCFBQCV27OjYAAAAA==[0m[INFO] --- maven-resources-plugin:3.1.0:resources (default-resources) @ spring-boot-web-app ---
[INFO] Using 'UTF-8' encoding to copy filtered resources.
[INFO] Copying 1 resource
[INFO] Copying 0 resource
[INFO] 
[8mha:////4MN4efd7rvfHGpWlMvLa4RQlXa/Oqz1EZgG6TOTn3SuDAAAAYB+LCAAAAAAAAP9b85aBtbiIQSmjNKU4P0+vJLE4u1gvPjexLDVPzxdEGvvmZ+X75ZekLlOVfvTjc8FPJgaGiiIGKaiG5Py84vycVD1nCA1SyAABjCCFBQCV27OjYAAAAA==[0m[INFO] --- maven-compiler-plugin:3.8.1:compile (default-compile) @ spring-boot-web-app ---
[INFO] Nothing to compile - all classes are up to date
[INFO] 
[8mha:////4MN4efd7rvfHGpWlMvLa4RQlXa/Oqz1EZgG6TOTn3SuDAAAAYB+LCAAAAAAAAP9b85aBtbiIQSmjNKU4P0+vJLE4u1gvPjexLDVPzxdEGvvmZ+X75ZekLlOVfvTjc8FPJgaGiiIGKaiG5Py84vycVD1nCA1SyAABjCCFBQCV27OjYAAAAA==[0m[INFO] --- maven-resources-plugin:3.1.0:testResources (default-testResources) @ spring-boot-web-app ---
[INFO] Using 'UTF-8' encoding to copy filtered resources.
[INFO] skip non existing resourceDirectory /var/jenkins_home/workspace/spring-boot-web-app/src/test/resources
[INFO] 
[8mha:////4MN4efd7rvfHGpWlMvLa4RQlXa/Oqz1EZgG6TOTn3SuDAAAAYB+LCAAAAAAAAP9b85aBtbiIQSmjNKU4P0+vJLE4u1gvPjexLDVPzxdEGvvmZ+X75ZekLlOVfvTjc8FPJgaGiiIGKaiG5Py84vycVD1nCA1SyAABjCCFBQCV27OjYAAAAA==[0m[INFO] --- maven-compiler-plugin:3.8.1:testCompile (default-testCompile) @ spring-boot-web-app ---
[INFO] Nothing to compile - all classes are up to date
[INFO] 
[8mha:////4MN4efd7rvfHGpWlMvLa4RQlXa/Oqz1EZgG6TOTn3SuDAAAAYB+LCAAAAAAAAP9b85aBtbiIQSmjNKU4P0+vJLE4u1gvPjexLDVPzxdEGvvmZ+X75ZekLlOVfvTjc8FPJgaGiiIGKaiG5Py84vycVD1nCA1SyAABjCCFBQCV27OjYAAAAA==[0m[INFO] --- maven-surefire-plugin:2.22.2:test (default-test) @ spring-boot-web-app ---
[INFO] 
[INFO] -------------------------------------------------------
[INFO]  T E S T S
[INFO] -------------------------------------------------------
[INFO] Running com.dmaharjan.springbootwebapp.SpringBootWebAppApplicationTests
23:34:32.702 [main] DEBUG org.springframework.test.context.BootstrapUtils - Instantiating CacheAwareContextLoaderDelegate from class [org.springframework.test.context.cache.DefaultCacheAwareContextLoaderDelegate]
23:34:32.723 [main] DEBUG org.springframework.test.context.BootstrapUtils - Instantiating BootstrapContext using constructor [public org.springframework.test.context.support.DefaultBootstrapContext(java.lang.Class,org.springframework.test.context.CacheAwareContextLoaderDelegate)]
23:34:32.793 [main] DEBUG org.springframework.test.context.BootstrapUtils - Instantiating TestContextBootstrapper for test class [com.dmaharjan.springbootwebapp.SpringBootWebAppApplicationTests] from class [org.springframework.boot.test.context.SpringBootTestContextBootstrapper]
23:34:32.821 [main] INFO org.springframework.boot.test.context.SpringBootTestContextBootstrapper - Neither @ContextConfiguration nor @ContextHierarchy found for test class [com.dmaharjan.springbootwebapp.SpringBootWebAppApplicationTests], using SpringBootContextLoader
23:34:32.829 [main] DEBUG org.springframework.test.context.support.AbstractContextLoader - Did not detect default resource location for test class [com.dmaharjan.springbootwebapp.SpringBootWebAppApplicationTests]: class path resource [com/dmaharjan/springbootwebapp/SpringBootWebAppApplicationTests-context.xml] does not exist
23:34:32.830 [main] DEBUG org.springframework.test.context.support.AbstractContextLoader - Did not detect default resource location for test class [com.dmaharjan.springbootwebapp.SpringBootWebAppApplicationTests]: class path resource [com/dmaharjan/springbootwebapp/SpringBootWebAppApplicationTestsContext.groovy] does not exist
23:34:32.830 [main] INFO org.springframework.test.context.support.AbstractContextLoader - Could not detect default resource locations for test class [com.dmaharjan.springbootwebapp.SpringBootWebAppApplicationTests]: no resource found for suffixes {-context.xml, Context.groovy}.
23:34:32.832 [main] INFO org.springframework.test.context.support.AnnotationConfigContextLoaderUtils - Could not detect default configuration classes for test class [com.dmaharjan.springbootwebapp.SpringBootWebAppApplicationTests]: SpringBootWebAppApplicationTests does not declare any static, non-private, non-final, nested classes annotated with @Configuration.
23:34:32.916 [main] DEBUG org.springframework.test.context.support.ActiveProfilesUtils - Could not find an 'annotation declaring class' for annotation type [org.springframework.test.context.ActiveProfiles] and class [com.dmaharjan.springbootwebapp.SpringBootWebAppApplicationTests]
23:34:33.043 [main] DEBUG org.springframework.context.annotation.ClassPathScanningCandidateComponentProvider - Identified candidate component class: file [/var/jenkins_home/workspace/spring-boot-web-app/target/classes/com/dmaharjan/springbootwebapp/SpringBootWebAppApplication.class]
23:34:33.045 [main] INFO org.springframework.boot.test.context.SpringBootTestContextBootstrapper - Found @SpringBootConfiguration com.dmaharjan.springbootwebapp.SpringBootWebAppApplication for test class com.dmaharjan.springbootwebapp.SpringBootWebAppApplicationTests
23:34:33.225 [main] DEBUG org.springframework.boot.test.context.SpringBootTestContextBootstrapper - @TestExecutionListeners is not present for class [com.dmaharjan.springbootwebapp.SpringBootWebAppApplicationTests]: using defaults.
23:34:33.226 [main] INFO org.springframework.boot.test.context.SpringBootTestContextBootstrapper - Loaded default TestExecutionListener class names from location [META-INF/spring.factories]: [org.springframework.boot.test.mock.mockito.MockitoTestExecutionListener, org.springframework.boot.test.mock.mockito.ResetMocksTestExecutionListener, org.springframework.boot.test.autoconfigure.restdocs.RestDocsTestExecutionListener, org.springframework.boot.test.autoconfigure.web.client.MockRestServiceServerResetTestExecutionListener, org.springframework.boot.test.autoconfigure.web.servlet.MockMvcPrintOnlyOnFailureTestExecutionListener, org.springframework.boot.test.autoconfigure.web.servlet.WebDriverTestExecutionListener, org.springframework.test.context.web.ServletTestExecutionListener, org.springframework.test.context.support.DirtiesContextBeforeModesTestExecutionListener, org.springframework.test.context.support.DependencyInjectionTestExecutionListener, org.springframework.test.context.support.DirtiesContextTestExecutionListener, org.springframework.test.context.transaction.TransactionalTestExecutionListener, org.springframework.test.context.jdbc.SqlScriptsTestExecutionListener, org.springframework.test.context.event.EventPublishingTestExecutionListener]
23:34:33.241 [main] DEBUG org.springframework.boot.test.context.SpringBootTestContextBootstrapper - Skipping candidate TestExecutionListener [org.springframework.test.context.transaction.TransactionalTestExecutionListener] due to a missing dependency. Specify custom listener classes or make the default listener classes and their required dependencies available. Offending class: [org/springframework/transaction/TransactionDefinition]
23:34:33.242 [main] DEBUG org.springframework.boot.test.context.SpringBootTestContextBootstrapper - Skipping candidate TestExecutionListener [org.springframework.test.context.jdbc.SqlScriptsTestExecutionListener] due to a missing dependency. Specify custom listener classes or make the default listener classes and their required dependencies available. Offending class: [org/springframework/transaction/interceptor/TransactionAttribute]
23:34:33.243 [main] INFO org.springframework.boot.test.context.SpringBootTestContextBootstrapper - Using TestExecutionListeners: [org.springframework.test.context.web.ServletTestExecutionListener@25084a1e, org.springframework.test.context.support.DirtiesContextBeforeModesTestExecutionListener@156b88f5, org.springframework.boot.test.mock.mockito.MockitoTestExecutionListener@3bf9ce3e, org.springframework.boot.test.autoconfigure.SpringBootDependencyInjectionTestExecutionListener@16610890, org.springframework.test.context.support.DirtiesContextTestExecutionListener@71def8f8, org.springframework.test.context.event.EventPublishingTestExecutionListener@383bfa16, org.springframework.boot.test.mock.mockito.ResetMocksTestExecutionListener@4d465b11, org.springframework.boot.test.autoconfigure.restdocs.RestDocsTestExecutionListener@53fdffa1, org.springframework.boot.test.autoconfigure.web.client.MockRestServiceServerResetTestExecutionListener@5562c41e, org.springframework.boot.test.autoconfigure.web.servlet.MockMvcPrintOnlyOnFailureTestExecutionListener@32ee6fee, org.springframework.boot.test.autoconfigure.web.servlet.WebDriverTestExecutionListener@4d0f2471]
23:34:33.250 [main] DEBUG org.springframework.test.context.support.AbstractDirtiesContextTestExecutionListener - Before test class: context [DefaultTestContext@22ef9844 testClass = SpringBootWebAppApplicationTests, testInstance = [null], testMethod = [null], testException = [null], mergedContextConfiguration = [WebMergedContextConfiguration@6283d8b8 testClass = SpringBootWebAppApplicationTests, locations = '{}', classes = '{class com.dmaharjan.springbootwebapp.SpringBootWebAppApplication}', contextInitializerClasses = '[]', activeProfiles = '{}', propertySourceLocations = '{}', propertySourceProperties = '{org.springframework.boot.test.context.SpringBootTestContextBootstrapper=true}', contextCustomizers = set[org.springframework.boot.test.context.filter.ExcludeFilterContextCustomizer@647fd8ce, org.springframework.boot.test.json.DuplicateJsonObjectContextCustomizerFactory$DuplicateJsonObjectContextCustomizer@5dd6264, org.springframework.boot.test.mock.mockito.MockitoContextCustomizer@0, org.springframework.boot.test.web.client.TestRestTemplateContextCustomizer@3967e60c, org.springframework.boot.test.autoconfigure.properties.PropertyMappingContextCustomizer@0, org.springframework.boot.test.autoconfigure.web.servlet.WebDriverContextCustomizerFactory$Customizer@10e92f8f], resourceBasePath = 'src/main/webapp', contextLoader = 'org.springframework.boot.test.context.SpringBootContextLoader', parent = [null]], attributes = map['org.springframework.test.context.web.ServletTestExecutionListener.activateListener' -> true]], class annotated with @DirtiesContext [false] with mode [null].
23:34:33.299 [main] DEBUG org.springframework.test.context.support.TestPropertySourceUtils - Adding inlined properties to environment: {spring.jmx.enabled=false, org.springframework.boot.test.context.SpringBootTestContextBootstrapper=true, server.port=-1}

  .   ____          _            __ _ _
 /\\ / ___'_ __ _ _(_)_ __  __ _ \ \ \ \
( ( )\___ | '_ | '_| | '_ \/ _` | \ \ \ \
 \\/  ___)| |_)| | | | | || (_| |  ) ) ) )
  '  |____| .__|_| |_|_| |_\__, | / / / /
 =========|_|==============|___/=/_/_/_/
 :: Spring Boot ::        (v2.2.5.RELEASE)

2020-04-03 23:34:33.658  INFO 260 --- [           main] c.d.s.SpringBootWebAppApplicationTests   : Starting SpringBootWebAppApplicationTests on 3f7f3cdadf94 with PID 260 (started by jenkins in /var/jenkins_home/workspace/spring-boot-web-app)
2020-04-03 23:34:33.660  INFO 260 --- [           main] c.d.s.SpringBootWebAppApplicationTests   : No active profile set, falling back to default profiles: default
2020-04-03 23:34:33.721 DEBUG 260 --- [           main] o.s.w.c.s.GenericWebApplicationContext   : Refreshing org.springframework.web.context.support.GenericWebApplicationContext@389c4eb1
2020-04-03 23:34:35.676  INFO 260 --- [           main] o.s.s.concurrent.ThreadPoolTaskExecutor  : Initializing ExecutorService 'applicationTaskExecutor'
2020-04-03 23:34:35.705 DEBUG 260 --- [           main] s.w.s.m.m.a.RequestMappingHandlerAdapter : ControllerAdvice beans: 0 @ModelAttribute, 0 @InitBinder, 1 RequestBodyAdvice, 1 ResponseBodyAdvice
2020-04-03 23:34:35.818 DEBUG 260 --- [           main] s.w.s.m.m.a.RequestMappingHandlerMapping : 10 mappings in 'requestMappingHandlerMapping'
2020-04-03 23:34:35.888 DEBUG 260 --- [           main] o.s.w.s.handler.SimpleUrlHandlerMapping  : Patterns [/webjars/**, /**] in 'resourceHandlerMapping'
2020-04-03 23:34:35.906 DEBUG 260 --- [           main] .m.m.a.ExceptionHandlerExceptionResolver : ControllerAdvice beans: 0 @ExceptionHandler, 1 ResponseBodyAdvice
2020-04-03 23:34:36.036  INFO 260 --- [           main] c.d.s.SpringBootWebAppApplicationTests   : Started SpringBootWebAppApplicationTests in 2.725 seconds (JVM running for 4.272)
[INFO] Tests run: 1, Failures: 0, Errors: 0, Skipped: 0, Time elapsed: 3.647 s - in com.dmaharjan.springbootwebapp.SpringBootWebAppApplicationTests
2020-04-03 23:34:36.285 DEBUG 260 --- [extShutdownHook] o.s.w.c.s.GenericWebApplicationContext   : Closing org.springframework.web.context.support.GenericWebApplicationContext@389c4eb1, started on Fri Apr 03 23:34:33 UTC 2020
2020-04-03 23:34:36.308  INFO 260 --- [extShutdownHook] o.s.s.concurrent.ThreadPoolTaskExecutor  : Shutting down ExecutorService 'applicationTaskExecutor'
[INFO] 
[INFO] Results:
[INFO] 
[INFO] Tests run: 1, Failures: 0, Errors: 0, Skipped: 0
[INFO] 
[INFO] ------------------------------------------------------------------------
[INFO] BUILD SUCCESS
[INFO] ------------------------------------------------------------------------
[INFO] Total time:  7.542 s
[INFO] Finished at: 2020-04-03T23:34:36Z
[INFO] ------------------------------------------------------------------------
[spring-boot-web-app] $ /bin/sh -xe /tmp/jenkins6963444273103132258.sh
+ echo ***************
***************
+ echo Deploying a jar
Deploying a jar
+ echo ***************
***************
+ java -jar /var/jenkins_home/workspace/spring-boot-web-app/target/spring-boot-web-app-0.0.1-SNAPSHOT.jar

  .   ____          _            __ _ _
 /\\ / ___'_ __ _ _(_)_ __  __ _ \ \ \ \
( ( )\___ | '_ | '_| | '_ \/ _` | \ \ \ \
 \\/  ___)| |_)| | | | | || (_| |  ) ) ) )
  '  |____| .__|_| |_|_| |_\__, | / / / /
 =========|_|==============|___/=/_/_/_/
 :: Spring Boot ::        (v2.2.5.RELEASE)

2020-04-03 23:34:38.272  INFO 307 --- [           main] c.d.s.SpringBootWebAppApplication        : Starting SpringBootWebAppApplication v0.0.1-SNAPSHOT on 3f7f3cdadf94 with PID 307 (/var/jenkins_home/workspace/spring-boot-web-app/target/spring-boot-web-app-0.0.1-SNAPSHOT.jar started by jenkins in /var/jenkins_home/workspace/spring-boot-web-app)
2020-04-03 23:34:38.279  INFO 307 --- [           main] c.d.s.SpringBootWebAppApplication        : No active profile set, falling back to default profiles: default
2020-04-03 23:34:40.238  INFO 307 --- [           main] o.s.b.w.embedded.tomcat.TomcatWebServer  : Tomcat initialized with port(s): 8080 (http)
2020-04-03 23:34:40.257  INFO 307 --- [           main] o.apache.catalina.core.StandardService   : Starting service [Tomcat]
2020-04-03 23:34:40.258  INFO 307 --- [           main] org.apache.catalina.core.StandardEngine  : Starting Servlet engine: [Apache Tomcat/9.0.31]
2020-04-03 23:34:40.849  INFO 307 --- [           main] org.apache.jasper.servlet.TldScanner     : At least one JAR was scanned for TLDs yet contained no TLDs. Enable debug logging for this logger for a complete list of JARs that were scanned but no TLDs were found in them. Skipping unneeded JARs during scanning can improve startup time and JSP compilation time.
2020-04-03 23:34:41.169  INFO 307 --- [           main] o.a.c.c.C.[Tomcat].[localhost].[/]       : Initializing Spring embedded WebApplicationContext
2020-04-03 23:34:41.169 DEBUG 307 --- [           main] o.s.web.context.ContextLoader            : Published root WebApplicationContext as ServletContext attribute with name [org.springframework.web.context.WebApplicationContext.ROOT]
2020-04-03 23:34:41.170  INFO 307 --- [           main] o.s.web.context.ContextLoader            : Root WebApplicationContext: initialization completed in 2785 ms
2020-04-03 23:34:41.432  INFO 307 --- [           main] o.s.s.concurrent.ThreadPoolTaskExecutor  : Initializing ExecutorService 'applicationTaskExecutor'
2020-04-03 23:34:41.445 DEBUG 307 --- [           main] s.w.s.m.m.a.RequestMappingHandlerAdapter : ControllerAdvice beans: 0 @ModelAttribute, 0 @InitBinder, 1 RequestBodyAdvice, 1 ResponseBodyAdvice
2020-04-03 23:34:41.542 DEBUG 307 --- [           main] s.w.s.m.m.a.RequestMappingHandlerMapping : 10 mappings in 'requestMappingHandlerMapping'
2020-04-03 23:34:41.647 DEBUG 307 --- [           main] o.s.w.s.handler.SimpleUrlHandlerMapping  : Patterns [/webjars/**, /**] in 'resourceHandlerMapping'
2020-04-03 23:34:41.668 DEBUG 307 --- [           main] .m.m.a.ExceptionHandlerExceptionResolver : ControllerAdvice beans: 0 @ExceptionHandler, 1 ResponseBodyAdvice
2020-04-03 23:34:41.758  INFO 307 --- [           main] o.apache.catalina.core.StandardService   : Stopping service [Tomcat]
2020-04-03 23:34:41.771  INFO 307 --- [           main] ConditionEvaluationReportLoggingListener : 

Error starting ApplicationContext. To display the conditions report re-run your application with 'debug' enabled.
2020-04-03 23:34:41.774 ERROR 307 --- [           main] o.s.b.d.LoggingFailureAnalysisReporter   : 

***************************
APPLICATION FAILED TO START
***************************

Description:

Web server failed to start. Port 8080 was already in use.

Action:

Identify and stop the process that's listening on port 8080 or configure this application to listen on another port.

2020-04-03 23:34:41.777  INFO 307 --- [           main] o.s.s.concurrent.ThreadPoolTaskExecutor  : Shutting down ExecutorService 'applicationTaskExecutor'
Build step 'Execute shell' marked build as failure
Finished: FAILURE
